Determining if the pthread_create exist failed with the following output:
Change Dir: /mnt/d/workspace/SLAM/ORB_SLAM/build/CMakeFiles/CMakeTmp

Run Build Command:"/usr/bin/make" "cmTC_1c4e0/fast"
/usr/bin/make -f CMakeFiles/cmTC_1c4e0.dir/build.make CMakeFiles/cmTC_1c4e0.dir/build
make[1]: Entering directory '/mnt/d/workspace/SLAM/ORB_SLAM/build/CMakeFiles/CMakeTmp'
Building C object CMakeFiles/cmTC_1c4e0.dir/CheckSymbolExists.c.o
/usr/bin/cc    -o CMakeFiles/cmTC_1c4e0.dir/CheckSymbolExists.c.o   -c /mnt/d/workspace/SLAM/ORB_SLAM/build/CMakeFiles/CMakeTmp/CheckSymbolExists.c
Linking C executable cmTC_1c4e0
/usr/bin/cmake -E cmake_link_script CMakeFiles/cmTC_1c4e0.dir/link.txt --verbose=1
/usr/bin/cc      -rdynamic CMakeFiles/cmTC_1c4e0.dir/CheckSymbolExists.c.o  -o cmTC_1c4e0 
CMakeFiles/cmTC_1c4e0.dir/CheckSymbolExists.c.o: In function `main':
CheckSymbolExists.c:(.text+0x1b): undefined reference to `pthread_create'
collect2: error: ld returned 1 exit status
CMakeFiles/cmTC_1c4e0.dir/build.make:97: recipe for target 'cmTC_1c4e0' failed
make[1]: *** [cmTC_1c4e0] Error 1
make[1]: Leaving directory '/mnt/d/workspace/SLAM/ORB_SLAM/build/CMakeFiles/CMakeTmp'
Makefile:126: recipe for target 'cmTC_1c4e0/fast' failed
make: *** [cmTC_1c4e0/fast] Error 2

File /mnt/d/workspace/SLAM/ORB_SLAM/build/CMakeFiles/CMakeTmp/CheckSymbolExists.c:
/* */
#include <pthread.h>

int main(int argc, char** argv)
{
  (void)argv;
#ifndef pthread_create
  return ((int*)(&pthread_create))[argc];
#else
  (void)argc;
  return 0;
#endif
}

Determining if the function pthread_create exists in the pthreads failed with the following output:
Change Dir: /mnt/d/workspace/SLAM/ORB_SLAM/build/CMakeFiles/CMakeTmp

Run Build Command:"/usr/bin/make" "cmTC_6ae3c/fast"
/usr/bin/make -f CMakeFiles/cmTC_6ae3c.dir/build.make CMakeFiles/cmTC_6ae3c.dir/build
make[1]: Entering directory '/mnt/d/workspace/SLAM/ORB_SLAM/build/CMakeFiles/CMakeTmp'
Building C object CMakeFiles/cmTC_6ae3c.dir/CheckFunctionExists.c.o
/usr/bin/cc   -DCHECK_FUNCTION_EXISTS=pthread_create   -o CMakeFiles/cmTC_6ae3c.dir/CheckFunctionExists.c.o   -c /usr/share/cmake-3.10/Modules/CheckFunctionExists.c
Linking C executable cmTC_6ae3c
/usr/bin/cmake -E cmake_link_script CMakeFiles/cmTC_6ae3c.dir/link.txt --verbose=1
/usr/bin/cc  -DCHECK_FUNCTION_EXISTS=pthread_create    -rdynamic CMakeFiles/cmTC_6ae3c.dir/CheckFunctionExists.c.o  -o cmTC_6ae3c -lpthreads 
/usr/bin/ld: cannot find -lpthreads
collect2: error: ld returned 1 exit status
CMakeFiles/cmTC_6ae3c.dir/build.make:97: recipe for target 'cmTC_6ae3c' failed
make[1]: *** [cmTC_6ae3c] Error 1
make[1]: Leaving directory '/mnt/d/workspace/SLAM/ORB_SLAM/build/CMakeFiles/CMakeTmp'
Makefile:126: recipe for target 'cmTC_6ae3c/fast' failed
make: *** [cmTC_6ae3c/fast] Error 2


